* installing *source* package ‘knapsack’ ...
** using staged installation
** libs
using C++ compiler: ‘Apple clang version 14.0.0 (clang-1400.0.29.102)’
using SDK: ‘’
clang++ -arch x86_64 -std=gnu++17 -I"/Library/Frameworks/R.framework/Resources/include" -DNDEBUG  -I'/Library/Frameworks/R.framework/Versions/4.3-x86_64/Resources/library/Rcpp/include' -I/opt/R/x86_64/include    -fPIC  -falign-functions=64 -Wall -g -O2  -c Knapsack_rcpp.cpp -o Knapsack_rcpp.o
clang++ -arch x86_64 -std=gnu++17 -I"/Library/Frameworks/R.framework/Resources/include" -DNDEBUG  -I'/Library/Frameworks/R.framework/Versions/4.3-x86_64/Resources/library/Rcpp/include' -I/opt/R/x86_64/include    -fPIC  -falign-functions=64 -Wall -g -O2  -c RcppExports.cpp -o RcppExports.o
clang++ -arch x86_64 -std=gnu++17 -dynamiclib -Wl,-headerpad_max_install_names -undefined dynamic_lookup -single_module -multiply_defined suppress -L/Library/Frameworks/R.framework/Resources/lib -L/opt/R/x86_64/lib -o knapsack.so Knapsack_rcpp.o RcppExports.o -F/Library/Frameworks/R.framework/.. -framework R -Wl,-framework -Wl,CoreFoundation
ld: warning: -undefined dynamic_lookup may not work with chained fixups
installing to /Users/pierre/Data/Owncloud/01.Pierre/Statistics_and_ML/732A94-Advanced_R_Programming/Homework/Lab/Lab6/knapsack.Rcheck/00LOCK-knapsack/00new/knapsack/libs
** R
** inst
** byte-compile and prepare package for lazy loading
** help
*** installing help indices
** building package indices
** installing vignettes
** testing if installed package can be loaded from temporary location
** checking absolute paths in shared objects and dynamic libraries
** testing if installed package can be loaded from final location
** testing if installed package keeps a record of temporary installation path
* DONE (knapsack)
